<?xml version="1.0" encoding="UTF-8"?>
<!-- Generated by org.testng.reporters.JUnitReportReporter -->
<testsuite name="tests.verifyValidScenario" tests="1" time="27.579" ignored="0" failures="0" timestamp="29 Jun 2017 00:41:35 GMT" skipped="0" hostname="Aravind-HP" errors="0">
  <testcase name="testVerifyValidScenario" time="27.579" classname="tests.verifyValidScenario"/>
</testsuite> <!-- tests.verifyValidScenario -->
