<?xml version="1.0" encoding="UTF-8"?>
<!-- Generated by org.testng.reporters.JUnitReportReporter -->
<testsuite name="tests.verifyInvalidScenario" tests="3" time="46.913" ignored="0" failures="0" timestamp="29 Jun 2017 00:41:35 GMT" skipped="0" hostname="Aravind-HP" errors="0">
  <testcase name="testVerifyInvalidScenario1" time="14.768" classname="tests.verifyInvalidScenario"/>
  <testcase name="testVerifyInvalidScenario3" time="15.199" classname="tests.verifyInvalidScenario"/>
  <testcase name="testVerifyInvalidScenario2" time="16.946" classname="tests.verifyInvalidScenario"/>
</testsuite> <!-- tests.verifyInvalidScenario -->
